C:\Python314\Lib\site-packages\modal\_utils\async_utils.py:45: DeprecationWarning: 'asyncio.WindowsSelectorEventLoopPolicy' is deprecated and slated for removal in Python 3.16
  asyncio.set_event_loop_policy(asyncio.WindowsSelectorEventLoopPolicy())
C:\Python314\Lib\site-packages\modal\_utils\async_utils.py:45: DeprecationWarning: 'asyncio.set_event_loop_policy' is deprecated and slated for removal in Python 3.16
  asyncio.set_event_loop_policy(asyncio.WindowsSelectorEventLoopPolicy())
✓ Initialized. View run at 
https://modal.com/apps/prekzursil1993/main/ap-08tUSbIA5hQGEaCS5ukvF1
Building image im-t0Ub7PSTD0DesHq1NmGp9Z

=> Step 0: FROM base

=> Step 1: RUN python -m pip install 'click>=8.1' 'numpy<2' pandas scikit-learn spacy
Looking in indexes: http://pypi-mirror.modal.local:5555/simple
Collecting click>=8.1
  Downloading http://pypi-mirror.modal.local:5555/simple/click/click-8.4.1-py3-none-any.whl.metadata (2.6 kB)
Collecting numpy<2
  Downloading http://pypi-mirror.modal.local:5555/simple/numpy/numpy-1.26.4-cp311-cp311-manylinux_2_17_x86_64.manylinux2014_x86_64.whl.metadata (61 kB)
Collecting pandas
  Downloading http://pypi-mirror.modal.local:5555/simple/pandas/pandas-3.0.3-cp311-cp311-manylinux_2_24_x86_64.manylinux_2_28_x86_64.whl.metadata (79 kB)
Collecting scikit-learn
  Downloading http://pypi-mirror.modal.local:5555/simple/scikit-learn/scikit_learn-1.9.0-cp311-cp311-manylinux_2_27_x86_64.manylinux_2_28_x86_64.whl.metadata (11 kB)
Collecting spacy
  Downloading http://pypi-mirror.modal.local:5555/simple/spacy/spacy-3.8.14-cp311-cp311-manylinux2014_x86_64.manylinux_2_17_x86_64.whl.metadata (28 kB)
Collecting python-dateutil>=2.8.2 (from pandas)
  Downloading http://pypi-mirror.modal.local:5555/simple/python-dateutil/python_dateutil-2.9.0.post0-py2.py3-none-any.whl.metadata (8.4 kB)
Collecting scipy>=1.10.0 (from scikit-learn)
  Downloading http://pypi-mirror.modal.local:5555/simple/scipy/scipy-1.17.1-cp311-cp311-manylinux_2_27_x86_64.manylinux_2_28_x86_64.whl.metadata (62 kB)
Collecting joblib>=1.4.0 (from scikit-learn)
  Downloading http://pypi-mirror.modal.local:5555/simple/joblib/joblib-1.5.3-py3-none-any.whl.metadata (5.5 kB)
Collecting narwhals>=2.0.1 (from scikit-learn)
  Downloading http://pypi-mirror.modal.local:5555/simple/narwhals/narwhals-2.22.1-py3-none-any.whl.metadata (15 kB)
Collecting threadpoolctl>=3.5.0 (from scikit-learn)
  Downloading http://pypi-mirror.modal.local:5555/simple/threadpoolctl/threadpoolctl-3.6.0-py3-none-any.whl.metadata (13 kB)
Collecting spacy-legacy<3.1.0,>=3.0.11 (from spacy)
  Downloading http://pypi-mirror.modal.local:5555/simple/spacy-legacy/spacy_legacy-3.0.12-py2.py3-none-any.whl.metadata (2.8 kB)
Collecting spacy-loggers<2.0.0,>=1.0.0 (from spacy)
  Downloading http://pypi-mirror.modal.local:5555/simple/spacy-loggers/spacy_loggers-1.0.5-py3-none-any.whl.metadata (23 kB)
Collecting murmurhash<1.1.0,>=0.28.0 (from spacy)
  Downloading http://pypi-mirror.modal.local:5555/simple/murmurhash/murmurhash-1.0.15-cp311-cp311-manylinux1_x86_64.manylinux2014_x86_64.manylinux_2_17_x86_64.manylinux_2_5_x86_64.whl.metadata (2.3 kB)
Collecting cymem<2.1.0,>=2.0.2 (from spacy)
  Downloading http://pypi-mirror.modal.local:5555/simple/cymem/cymem-2.0.13-cp311-cp311-manylinux2014_x86_64.manylinux_2_17_x86_64.whl.metadata (9.7 kB)
Collecting preshed<3.1.0,>=3.0.2 (from spacy)
  Downloading http://pypi-mirror.modal.local:5555/simple/preshed/preshed-3.0.13-cp311-cp311-manylinux2014_x86_64.manylinux_2_17_x86_64.whl.metadata (5.2 kB)
Collecting thinc<8.4.0,>=8.3.12 (from spacy)
  Downloading http://pypi-mirror.modal.local:5555/simple/thinc/thinc-8.3.13-cp311-cp311-manylinux2014_x86_64.manylinux_2_17_x86_64.whl.metadata (14 kB)
Collecting wasabi<1.2.0,>=0.9.1 (from spacy)
  Downloading http://pypi-mirror.modal.local:5555/simple/wasabi/wasabi-1.1.3-py3-none-any.whl.metadata (28 kB)
Collecting srsly<3.0.0,>=2.5.3 (from spacy)
  Downloading http://pypi-mirror.modal.local:5555/simple/srsly/srsly-2.5.3-cp311-cp311-manylinux2014_x86_64.manylinux_2_17_x86_64.whl.metadata (19 kB)
Collecting catalogue<2.1.0,>=2.0.6 (from spacy)
  Downloading http://pypi-mirror.modal.local:5555/simple/catalogue/catalogue-2.0.10-py3-none-any.whl.metadata (14 kB)
Collecting weasel<2.0.0,>=1.0.0 (from spacy)
  Downloading http://pypi-mirror.modal.local:5555/simple/weasel/weasel-1.0.0-py3-none-any.whl.metadata (4.6 kB)
Collecting confection<2.0.0,>=1.3.2 (from spacy)
  Downloading http://pypi-mirror.modal.local:5555/simple/confection/confection-1.3.3-py3-none-any.whl.metadata (19 kB)
Collecting typer<1.0.0,>=0.3.0 (from spacy)
  Downloading http://pypi-mirror.modal.local:5555/simple/typer/typer-0.26.7-py3-none-any.whl.metadata (16 kB)
Collecting tqdm<5.0.0,>=4.38.0 (from spacy)
  Downloading http://pypi-mirror.modal.local:5555/simple/tqdm/tqdm-4.68.1-py3-none-any.whl.metadata (57 kB)
Collecting requests<3.0.0,>=2.13.0 (from spacy)
  Downloading http://pypi-mirror.modal.local:5555/simple/requests/requests-2.34.2-py3-none-any.whl.metadata (4.8 kB)
Collecting pydantic<3.0.0,>=2.0.0 (from spacy)
  Downloading http://pypi-mirror.modal.local:5555/simple/pydantic/pydantic-2.13.4-py3-none-any.whl.metadata (109 kB)
Collecting jinja2 (from spacy)
  Downloading http://pypi-mirror.modal.local:5555/simple/jinja2/jinja2-3.1.6-py3-none-any.whl.metadata (2.9 kB)
Requirement already satisfied: setuptools in /usr/local/lib/python3.11/site-packages (from spacy) (65.5.1)
Collecting packaging>=20.0 (from spacy)
  Downloading http://pypi-mirror.modal.local:5555/simple/packaging/packaging-26.2-py3-none-any.whl.metadata (3.5 kB)
Collecting annotated-types>=0.6.0 (from pydantic<3.0.0,>=2.0.0->spacy)
  Downloading http://pypi-mirror.modal.local:5555/simple/annotated-types/annotated_types-0.7.0-py3-none-any.whl.metadata (15 kB)
Collecting pydantic-core==2.46.4 (from pydantic<3.0.0,>=2.0.0->spacy)
  Downloading http://pypi-mirror.modal.local:5555/simple/pydantic-core/pydantic_core-2.46.4-cp311-cp311-manylinux_2_17_x86_64.manylinux2014_x86_64.whl.metadata (6.6 kB)
Collecting typing-extensions>=4.14.1 (from pydantic<3.0.0,>=2.0.0->spacy)
  Downloading http://pypi-mirror.modal.local:5555/simple/typing-extensions/typing_extensions-4.15.0-py3-none-any.whl.metadata (3.3 kB)
Collecting typing-inspection>=0.4.2 (from pydantic<3.0.0,>=2.0.0->spacy)
  Downloading http://pypi-mirror.modal.local:5555/simple/typing-inspection/typing_inspection-0.4.2-py3-none-any.whl.metadata (2.6 kB)
Collecting charset_normalizer<4,>=2 (from requests<3.0.0,>=2.13.0->spacy)
  Downloading http://pypi-mirror.modal.local:5555/simple/charset-normalizer/charset_normalizer-3.4.7-cp311-cp311-manylinux2014_x86_64.manylinux_2_17_x86_64.manylinux_2_28_x86_64.whl.metadata (40 kB)
Collecting idna<4,>=2.5 (from requests<3.0.0,>=2.13.0->spacy)
  Downloading http://pypi-mirror.modal.local:5555/simple/idna/idna-3.18-py3-none-any.whl.metadata (6.1 kB)
Collecting urllib3<3,>=1.26 (from requests<3.0.0,>=2.13.0->spacy)
  Downloading http://pypi-mirror.modal.local:5555/simple/urllib3/urllib3-2.7.0-py3-none-any.whl.metadata (6.9 kB)
Collecting certifi>=2023.5.7 (from requests<3.0.0,>=2.13.0->spacy)
  Downloading http://pypi-mirror.modal.local:5555/simple/certifi/certifi-2026.5.20-py3-none-any.whl.metadata (2.5 kB)
Collecting blis<1.4.0,>=1.3.0 (from thinc<8.4.0,>=8.3.12->spacy)
  Downloading http://pypi-mirror.modal.local:5555/simple/blis/blis-1.3.3-cp311-cp311-manylinux2014_x86_64.manylinux_2_17_x86_64.whl.metadata (7.5 kB)
Collecting shellingham>=1.3.0 (from typer<1.0.0,>=0.3.0->spacy)
  Downloading http://pypi-mirror.modal.local:5555/simple/shellingham/shellingham-1.5.4-py2.py3-none-any.whl.metadata (3.5 kB)
Collecting rich>=13.8.0 (from typer<1.0.0,>=0.3.0->spacy)
  Downloading http://pypi-mirror.modal.local:5555/simple/rich/rich-15.0.0-py3-none-any.whl.metadata (18 kB)
Collecting annotated-doc>=0.0.2 (from typer<1.0.0,>=0.3.0->spacy)
  Downloading http://pypi-mirror.modal.local:5555/simple/annotated-doc/annotated_doc-0.0.4-py3-none-any.whl.metadata (6.6 kB)
Collecting cloudpathlib>=0.7.0 (from weasel<2.0.0,>=1.0.0->spacy)
  Downloading http://pypi-mirror.modal.local:5555/simple/cloudpathlib/cloudpathlib-0.24.0-py3-none-any.whl.metadata (16 kB)
Collecting smart-open>=5.2.1 (from weasel<2.0.0,>=1.0.0->spacy)
  Downloading http://pypi-mirror.modal.local:5555/simple/smart-open/smart_open-7.6.1-py3-none-any.whl.metadata (25 kB)
Collecting httpx>=0.24.0 (from weasel<2.0.0,>=1.0.0->spacy)
  Downloading http://pypi-mirror.modal.local:5555/simple/httpx/httpx-0.28.1-py3-none-any.whl.metadata (7.1 kB)
Collecting anyio (from httpx>=0.24.0->weasel<2.0.0,>=1.0.0->spacy)
  Downloading http://pypi-mirror.modal.local:5555/simple/anyio/anyio-4.13.0-py3-none-any.whl.metadata (4.5 kB)
Collecting httpcore==1.* (from httpx>=0.24.0->weasel<2.0.0,>=1.0.0->spacy)
  Downloading http://pypi-mirror.modal.local:5555/simple/httpcore/httpcore-1.0.9-py3-none-any.whl.metadata (21 kB)
Collecting h11>=0.16 (from httpcore==1.*->httpx>=0.24.0->weasel<2.0.0,>=1.0.0->spacy)
  Downloading http://pypi-mirror.modal.local:5555/simple/h11/h11-0.16.0-py3-none-any.whl.metadata (8.3 kB)
Collecting six>=1.5 (from python-dateutil>=2.8.2->pandas)
  Downloading http://pypi-mirror.modal.local:5555/simple/six/six-1.17.0-py2.py3-none-any.whl.metadata (1.7 kB)
Collecting markdown-it-py>=2.2.0 (from rich>=13.8.0->typer<1.0.0,>=0.3.0->spacy)
  Downloading http://pypi-mirror.modal.local:5555/simple/markdown-it-py/markdown_it_py-4.2.0-py3-none-any.whl.metadata (7.4 kB)
Collecting pygments<3.0.0,>=2.13.0 (from rich>=13.8.0->typer<1.0.0,>=0.3.0->spacy)
  Downloading http://pypi-mirror.modal.local:5555/simple/pygments/pygments-2.20.0-py3-none-any.whl.metadata (2.5 kB)
Collecting mdurl~=0.1 (from markdown-it-py>=2.2.0->rich>=13.8.0->typer<1.0.0,>=0.3.0->spacy)
  Downloading http://pypi-mirror.modal.local:5555/simple/mdurl/mdurl-0.1.2-py3-none-any.whl.metadata (1.6 kB)
Collecting wrapt (from smart-open>=5.2.1->weasel<2.0.0,>=1.0.0->spacy)
  Downloading http://pypi-mirror.modal.local:5555/simple/wrapt/wrapt-2.2.1-cp311-cp311-manylinux1_x86_64.manylinux_2_28_x86_64.manylinux_2_5_x86_64.whl.metadata (7.4 kB)
Collecting MarkupSafe>=2.0 (from jinja2->spacy)
  Downloading http://pypi-mirror.modal.local:5555/simple/markupsafe/markupsafe-3.0.3-cp311-cp311-manylinux2014_x86_64.manylinux_2_17_x86_64.manylinux_2_28_x86_64.whl.metadata (2.7 kB)
Downloading http://pypi-mirror.modal.local:5555/simple/numpy/numpy-1.26.4-cp311-cp311-manylinux_2_17_x86_64.manylinux2014_x86_64.whl (18.3 MB)
   ━━━━━━━━━━━━━━━━━━━━━━━━━━━━━━━━━━━━━━━━ 18.3/18.3 MB 108.0 MB/s  0:00:00
Downloading http://pypi-mirror.modal.local:5555/simple/click/click-8.4.1-py3-none-any.whl (116 kB)
Downloading http://pypi-mirror.modal.local:5555/simple/pandas/pandas-3.0.3-cp311-cp311-manylinux_2_24_x86_64.manylinux_2_28_x86_64.whl (11.3 MB)
   ━━━━━━━━━━━━━━━━━━━━━━━━━━━━━━━━━━━━━━━━ 11.3/11.3 MB 140.3 MB/s  0:00:00
Downloading http://pypi-mirror.modal.local:5555/simple/scikit-learn/scikit_learn-1.9.0-cp311-cp311-manylinux_2_27_x86_64.manylinux_2_28_x86_64.whl (9.3 MB)
   ━━━━━━━━━━━━━━━━━━━━━━━━━━━━━━━━━━━━━━━━ 9.3/9.3 MB 142.5 MB/s  0:00:00
Downloading http://pypi-mirror.modal.local:5555/simple/spacy/spacy-3.8.14-cp311-cp311-manylinux2014_x86_64.manylinux_2_17_x86_64.whl (32.3 MB)
   ━━━━━━━━━━━━━━━━━━━━━━━━━━━━━━━━━━━━━━━━ 32.3/32.3 MB 132.0 MB/s  0:00:00
Downloading http://pypi-mirror.modal.local:5555/simple/catalogue/catalogue-2.0.10-py3-none-any.whl (17 kB)
Downloading http://pypi-mirror.modal.local:5555/simple/confection/confection-1.3.3-py3-none-any.whl (35 kB)
Downloading http://pypi-mirror.modal.local:5555/simple/cymem/cymem-2.0.13-cp311-cp311-manylinux2014_x86_64.manylinux_2_17_x86_64.whl (244 kB)
Downloading http://pypi-mirror.modal.local:5555/simple/murmurhash/murmurhash-1.0.15-cp311-cp311-manylinux1_x86_64.manylinux2014_x86_64.manylinux_2_17_x86_64.manylinux_2_5_x86_64.whl (128 kB)
Downloading http://pypi-mirror.modal.local:5555/simple/preshed/preshed-3.0.13-cp311-cp311-manylinux2014_x86_64.manylinux_2_17_x86_64.whl (823 kB)
   ━━━━━━━━━━━━━━━━━━━━━━━━━━━━━━━━━━━━━━━━ 823.1/823.1 kB 236.3 MB/s  0:00:00
Downloading http://pypi-mirror.modal.local:5555/simple/pydantic/pydantic-2.13.4-py3-none-any.whl (472 kB)
Downloading http://pypi-mirror.modal.local:5555/simple/pydantic-core/pydantic_core-2.46.4-cp311-cp311-manylinux_2_17_x86_64.manylinux2014_x86_64.whl (2.1 MB)
   ━━━━━━━━━━━━━━━━━━━━━━━━━━━━━━━━━━━━━━━━ 2.1/2.1 MB 224.5 MB/s  0:00:00
Downloading http://pypi-mirror.modal.local:5555/simple/requests/requests-2.34.2-py3-none-any.whl (73 kB)
Downloading http://pypi-mirror.modal.local:5555/simple/charset-normalizer/charset_normalizer-3.4.7-cp311-cp311-manylinux2014_x86_64.manylinux_2_17_x86_64.manylinux_2_28_x86_64.whl (214 kB)
Downloading http://pypi-mirror.modal.local:5555/simple/idna/idna-3.18-py3-none-any.whl (65 kB)
Downloading http://pypi-mirror.modal.local:5555/simple/spacy-legacy/spacy_legacy-3.0.12-py2.py3-none-any.whl (29 kB)
Downloading http://pypi-mirror.modal.local:5555/simple/spacy-loggers/spacy_loggers-1.0.5-py3-none-any.whl (22 kB)
Downloading http://pypi-mirror.modal.local:5555/simple/srsly/srsly-2.5.3-cp311-cp311-manylinux2014_x86_64.manylinux_2_17_x86_64.whl (1.1 MB)
   ━━━━━━━━━━━━━━━━━━━━━━━━━━━━━━━━━━━━━━━━ 1.1/1.1 MB 215.7 MB/s  0:00:00
Downloading http://pypi-mirror.modal.local:5555/simple/thinc/thinc-8.3.13-cp311-cp311-manylinux2014_x86_64.manylinux_2_17_x86_64.whl (4.1 MB)
   ━━━━━━━━━━━━━━━━━━━━━━━━━━━━━━━━━━━━━━━━ 4.1/4.1 MB 149.7 MB/s  0:00:00
Downloading http://pypi-mirror.modal.local:5555/simple/blis/blis-1.3.3-cp311-cp311-manylinux2014_x86_64.manylinux_2_17_x86_64.whl (11.4 MB)
   ━━━━━━━━━━━━━━━━━━━━━━━━━━━━━━━━━━━━━━━━ 11.4/11.4 MB 130.8 MB/s  0:00:00
Downloading http://pypi-mirror.modal.local:5555/simple/tqdm/tqdm-4.68.1-py3-none-any.whl (78 kB)
Downloading http://pypi-mirror.modal.local:5555/simple/typer/typer-0.26.7-py3-none-any.whl (122 kB)
Downloading http://pypi-mirror.modal.local:5555/simple/urllib3/urllib3-2.7.0-py3-none-any.whl (131 kB)
Downloading http://pypi-mirror.modal.local:5555/simple/wasabi/wasabi-1.1.3-py3-none-any.whl (27 kB)
Downloading http://pypi-mirror.modal.local:5555/simple/weasel/weasel-1.0.0-py3-none-any.whl (50 kB)
Downloading http://pypi-mirror.modal.local:5555/simple/annotated-doc/annotated_doc-0.0.4-py3-none-any.whl (5.3 kB)
Downloading http://pypi-mirror.modal.local:5555/simple/annotated-types/annotated_types-0.7.0-py3-none-any.whl (13 kB)
Downloading http://pypi-mirror.modal.local:5555/simple/certifi/certifi-2026.5.20-py3-none-any.whl (134 kB)
Downloading http://pypi-mirror.modal.local:5555/simple/cloudpathlib/cloudpathlib-0.24.0-py3-none-any.whl (63 kB)
Downloading http://pypi-mirror.modal.local:5555/simple/httpx/httpx-0.28.1-py3-none-any.whl (73 kB)
Downloading http://pypi-mirror.modal.local:5555/simple/httpcore/httpcore-1.0.9-py3-none-any.whl (78 kB)
Downloading http://pypi-mirror.modal.local:5555/simple/h11/h11-0.16.0-py3-none-any.whl (37 kB)
Downloading http://pypi-mirror.modal.local:5555/simple/joblib/joblib-1.5.3-py3-none-any.whl (309 kB)
Downloading http://pypi-mirror.modal.local:5555/simple/narwhals/narwhals-2.22.1-py3-none-any.whl (454 kB)
Downloading http://pypi-mirror.modal.local:5555/simple/packaging/packaging-26.2-py3-none-any.whl (100 kB)
Downloading http://pypi-mirror.modal.local:5555/simple/python-dateutil/python_dateutil-2.9.0.post0-py2.py3-none-any.whl (229 kB)
Downloading http://pypi-mirror.modal.local:5555/simple/rich/rich-15.0.0-py3-none-any.whl (310 kB)
Downloading http://pypi-mirror.modal.local:5555/simple/pygments/pygments-2.20.0-py3-none-any.whl (1.2 MB)
   ━━━━━━━━━━━━━━━━━━━━━━━━━━━━━━━━━━━━━━━━ 1.2/1.2 MB 391.5 MB/s  0:00:00
Downloading http://pypi-mirror.modal.local:5555/simple/markdown-it-py/markdown_it_py-4.2.0-py3-none-any.whl (91 kB)
Downloading http://pypi-mirror.modal.local:5555/simple/mdurl/mdurl-0.1.2-py3-none-any.whl (10.0 kB)
Downloading http://pypi-mirror.modal.local:5555/simple/scipy/scipy-1.17.1-cp311-cp311-manylinux_2_27_x86_64.manylinux_2_28_x86_64.whl (35.3 MB)
   ━━━━━━━━━━━━━━━━━━━━━━━━━━━━━━━━━━━━━━━━ 35.3/35.3 MB 127.3 MB/s  0:00:00
Downloading http://pypi-mirror.modal.local:5555/simple/shellingham/shellingham-1.5.4-py2.py3-none-any.whl (9.8 kB)
Downloading http://pypi-mirror.modal.local:5555/simple/six/six-1.17.0-py2.py3-none-any.whl (11 kB)
Downloading http://pypi-mirror.modal.local:5555/simple/smart-open/smart_open-7.6.1-py3-none-any.whl (64 kB)
Downloading http://pypi-mirror.modal.local:5555/simple/threadpoolctl/threadpoolctl-3.6.0-py3-none-any.whl (18 kB)
Downloading http://pypi-mirror.modal.local:5555/simple/typing-extensions/typing_extensions-4.15.0-py3-none-any.whl (44 kB)
Downloading http://pypi-mirror.modal.local:5555/simple/typing-inspection/typing_inspection-0.4.2-py3-none-any.whl (14 kB)
Downloading http://pypi-mirror.modal.local:5555/simple/anyio/anyio-4.13.0-py3-none-any.whl (114 kB)
Downloading http://pypi-mirror.modal.local:5555/simple/jinja2/jinja2-3.1.6-py3-none-any.whl (134 kB)
Downloading http://pypi-mirror.modal.local:5555/simple/markupsafe/markupsafe-3.0.3-cp311-cp311-manylinux2014_x86_64.manylinux_2_17_x86_64.manylinux_2_28_x86_64.whl (22 kB)
Downloading http://pypi-mirror.modal.local:5555/simple/wrapt/wrapt-2.2.1-cp311-cp311-manylinux1_x86_64.manylinux_2_28_x86_64.manylinux_2_5_x86_64.whl (159 kB)
Installing collected packages: wrapt, wasabi, urllib3, typing-extensions, tqdm, threadpoolctl, spacy-loggers, spacy-legacy, six, shellingham, pygments, packaging, numpy, narwhals, murmurhash, mdurl, MarkupSafe, joblib, idna, h11, cymem, confection, cloudpathlib, click, charset_normalizer, certifi, catalogue, annotated-types, annotated-doc, typing-inspection, srsly, smart-open, scipy, requests, python-dateutil, pydantic-core, preshed, markdown-it-py, jinja2, httpcore, blis, anyio, scikit-learn, rich, pydantic, pandas, httpx, typer, thinc, weasel, spacy

Successfully installed MarkupSafe-3.0.3 annotated-doc-0.0.4 annotated-types-0.7.0 anyio-4.13.0 blis-1.3.3 catalogue-2.0.10 certifi-2026.5.20 charset_normalizer-3.4.7 click-8.4.1 cloudpathlib-0.24.0 confection-1.3.3 cymem-2.0.13 h11-0.16.0 httpcore-1.0.9 httpx-0.28.1 idna-3.18 jinja2-3.1.6 joblib-1.5.3 markdown-it-py-4.2.0 mdurl-0.1.2 murmurhash-1.0.15 narwhals-2.22.1 numpy-1.26.4 packaging-26.2 pandas-3.0.3 preshed-3.0.13 pydantic-2.13.4 pydantic-core-2.46.4 pygments-2.20.0 python-dateutil-2.9.0.post0 requests-2.34.2 rich-15.0.0 scikit-learn-1.9.0 scipy-1.17.1 shellingham-1.5.4 six-1.17.0 smart-open-7.6.1 spacy-3.8.14 spacy-legacy-3.0.12 spacy-loggers-1.0.5 srsly-2.5.3 thinc-8.3.13 threadpoolctl-3.6.0 tqdm-4.68.1 typer-0.26.7 typing-extensions-4.15.0 typing-inspection-0.4.2 urllib3-2.7.0 wasabi-1.1.3 weasel-1.0.0 wrapt-2.2.1

[notice] A new release of pip is available: 25.2 -> 26.1.2
[notice] To update, run: pip install --upgrade pip
Saving image...
Image saved, took 2.38s

Built image im-t0Ub7PSTD0DesHq1NmGp9Z in 31.41s


Building image im-SJ56Lbziazq51MHcmJ37zW

=> Step 0: FROM base

=> Step 1: RUN python -m spacy download es_core_news_sm
Looking in indexes: http://pypi-mirror.modal.local:5555/simple
Collecting es-core-news-sm==3.8.0
  Downloading https://github.com/explosion/spacy-models/releases/download/es_core_news_sm-3.8.0/es_core_news_sm-3.8.0-py3-none-any.whl (12.9 MB)
     ━━━━━━━━━━━━━━━━━━━━━━━━━━━━━━━━━━━━━━━━ 12.9/12.9 MB 158.4 MB/s  0:00:00
Installing collected packages: es-core-news-sm
Successfully installed es-core-news-sm-3.8.0

[notice] A new release of pip is available: 25.2 -> 26.1.2
[notice] To update, run: pip install --upgrade pip
[38;5;2m✔ Download and installation successful[0m
You can now load the package via spacy.load('es_core_news_sm')
Saving image...
Image saved, took 588.23ms

Built image im-SJ56Lbziazq51MHcmJ37zW in 4.55s


Building image im-wCga0oxcKyWeq9dIer0hWt

=> Step 0: FROM base

=> Step 1: COPY . /
Saving image...
Image saved, took 447.33ms

Built image im-wCga0oxcKyWeq9dIer0hWt in 1.37s


Building image im-rRlBud8qqglkHQQqewaIke

=> Step 0: FROM base

=> Step 1: COPY . /
Saving image...
Image saved, took 904.89ms

Built image im-rRlBud8qqglkHQQqewaIke in 2.73s


✓ Created objects.
├── 🔨 Created mount 
│   C:\Users\Prekzursil\Downloads\bionlp\FINAL\modal_ensemble.py
├── 🔨 Created mount C:\Users\Prekzursil\Downloads\bionlp\FINAL\IberLEF_GRACE
├── 🔨 Created mount 
│   C:\Users\Prekzursil\Downloads\bionlp\FINAL\GRACE_2026_blind_test
└── 🔨 Created function ensemble.
[GATE] mdeberta_v3 s42 reproduced macro=0.7368 (expected ~0.7368)
[OFFICIAL] greedy (4) strict-macroF1=0.7426 relaxed=0.7426
[OFFICIAL] top3   (3) strict-macroF1=0.7416 relaxed=0.7416
[OFFICIAL] all9   (9) strict-macroF1=0.7434 relaxed=0.7434
[SUBMISSION:greedy] 2474 docs, 11758 ents {'Premise': 7890, 'Claim': 3705, 'MajorClaim': 163}, 136 offset-mismatches
[SUBMISSION:top3] 2474 docs, 11711 ents {'Premise': 7894, 'Claim': 3666, 'MajorClaim': 151}, 133 offset-mismatches
[SUBMISSION:all9] 2474 docs, 11752 ents {'Claim': 3717, 'Premise': 7872, 'MajorClaim': 163}, 135 offset-mismatches

================ ENSEMBLE RESULTS ================
best single : mdeberta_v3 = 0.7046
greedy (4) dev strict-macroF1=0.7426 relaxed=0.7426  members=['bsc_bio_ehr', 'mrbert_es', 'mdeberta_v3', 'xlmr_large']
top3   (3) dev strict-macroF1=0.7416 relaxed=0.7416  members=['mdeberta_v3', 'bsc_bio_ehr', 'mrbert_es']
all9   (9) dev strict-macroF1=0.7434 relaxed=0.7434  members=['mrbert_biomed', 'bsc_bio_ehr', 'roberta_clinical', 'mdeberta_v3', 'rigoberta_clinical', 'mrbert_es', 'xlmr_large', 'beto', 'beto_galen']
blind: {
  "greedy": {
    "docs": 2474,
    "entities": 11758,
    "by_type": {
      "Premise": 7890,
      "Claim": 3705,
      "MajorClaim": 163
    },
    "offset_mismatches": 136,
    "file": "blind_submission_greedy.json"
  },
  "top3": {
    "docs": 2474,
    "entities": 11711,
    "by_type": {
      "Premise": 7894,
      "Claim": 3666,
      "MajorClaim": 151
    },
    "offset_mismatches": 133,
    "file": "blind_submission_top3.json"
  },
  "all9": {
    "docs": 2474,
    "entities": 11752,
    "by_type": {
      "Claim": 3717,
      "Premise": 7872,
      "MajorClaim": 163
    },
    "offset_mismatches": 135,
    "file": "blind_submission_all9.json"
  }
}
saved -> ensemble_results.json ; submissions in volume grace-report
Stopping app - local entrypoint completed.
✓ App completed. View run at 
https://modal.com/apps/prekzursil1993/main/ap-08tUSbIA5hQGEaCS5ukvF1
